<?xml version="1.0" encoding="UTF-8"?>
<testng-results skipped="0" failed="0" total="1" passed="1">
  <reporter-output>
  </reporter-output>
  <suite name="Default suite" duration-ms="5151" started-at="2019-01-15T09:42:03Z" finished-at="2019-01-15T09:42:08Z">
    <groups>
    </groups>
    <test name="Default test" duration-ms="5151" started-at="2019-01-15T09:42:03Z" finished-at="2019-01-15T09:42:08Z">
      <class name="control.Login">
        <test-method status="PASS" signature="setUp()[pri:0, instance:control.Login@ba354ca]" name="setUp" is-config="true" duration-ms="3665" started-at="2019-01-15T10:42:03Z" finished-at="2019-01-15T10:42:06Z">
          <reporter-output>
          </reporter-output>
        </test-method> <!-- setUp -->
        <test-method status="PASS" signature="testLogin()[pri:0, instance:control.Login@ba354ca]" name="testLogin" duration-ms="709" started-at="2019-01-15T10:42:06Z" finished-at="2019-01-15T10:42:07Z">
          <reporter-output>
          </reporter-output>
        </test-method> <!-- testLogin -->
        <test-method status="PASS" signature="tearDown()[pri:0, instance:control.Login@ba354ca]" name="tearDown" is-config="true" duration-ms="758" started-at="2019-01-15T10:42:07Z" finished-at="2019-01-15T10:42:08Z">
          <reporter-output>
          </reporter-output>
        </test-method> <!-- tearDown -->
      </class> <!-- control.Login -->
    </test> <!-- Default test -->
  </suite> <!-- Default suite -->
</testng-results>
